# JRE version: Java(TM) SE Runtime Environment (8.0_121-b13) (build 1.8.0_121-b13)
# Java VM: Java HotSpot(TM) 64-Bit Server VM (25.121-b13 mixed mode windows-amd64 compressed oops)
Heap:
 PSYoungGen      total 99840K, used 12667K [0x00000000d5580000, 0x00000000dc180000, 0x0000000100000000)
  eden space 89600K, 14% used [0x00000000d5580000,0x00000000d61deca8,0x00000000dad00000)
  from space 10240K, 0% used [0x00000000dad80000,0x00000000dad80000,0x00000000db780000)
  to   space 8704K, 0% used [0x00000000db900000,0x00000000db900000,0x00000000dc180000)
 ParOldGen       total 66048K, used 15998K [0x0000000080000000, 0x0000000084080000, 0x00000000d5580000)
  object space 66048K, 24% used [0x0000000080000000,0x0000000080f9fa88,0x0000000084080000)
 Metaspace       used 34649K, capacity 35230K, committed 35624K, reserved 1079296K
  class space    used 4725K, capacity 4893K, committed 4992K, reserved 1048576K
GC Heap History (10 events):
Event: 2.133 GC heap after
Heap after GC invocations=4 (full 0):
 PSYoungGen      total 71680K, used 5088K [0x00000000d5580000, 0x00000000da080000, 0x0000000100000000)
  eden space 66560K, 0% used [0x00000000d5580000,0x00000000d5580000,0x00000000d9680000)
  from space 5120K, 99% used [0x00000000d9b80000,0x00000000da078020,0x00000000da080000)
  to   space 5120K, 0% used [0x00000000d9680000,0x00000000d9680000,0x00000000d9b80000)
 ParOldGen       total 87552K, used 7412K [0x0000000080000000, 0x0000000085580000, 0x00000000d5580000)
  object space 87552K, 8% used [0x0000000080000000,0x000000008073d1f0,0x0000000085580000)
 Metaspace       used 20807K, capacity 21156K, committed 21296K, reserved 1067008K
  class space    used 2811K, capacity 2937K, committed 2944K, reserved 1048576K
}
Event: 2.133 GC heap before
{Heap before GC invocations=5 (full 1):
 PSYoungGen      total 71680K, used 5088K [0x00000000d5580000, 0x00000000da080000, 0x0000000100000000)
  eden space 66560K, 0% used [0x00000000d5580000,0x00000000d5580000,0x00000000d9680000)
  from space 5120K, 99% used [0x00000000d9b80000,0x00000000da078020,0x00000000da080000)
  to   space 5120K, 0% used [0x00000000d9680000,0x00000000d9680000,0x00000000d9b80000)
 ParOldGen       total 87552K, used 7412K [0x0000000080000000, 0x0000000085580000, 0x00000000d5580000)
  object space 87552K, 8% used [0x0000000080000000,0x000000008073d1f0,0x0000000085580000)
 Metaspace       used 20807K, capacity 21156K, committed 21296K, reserved 1067008K
  class space    used 2811K, capacity 2937K, committed 2944K, reserved 1048576K
Event: 2.194 GC heap after
Heap after GC invocations=5 (full 1):
 PSYoungGen      total 71680K, used 0K [0x00000000d5580000, 0x00000000da080000, 0x0000000100000000)
  eden space 66560K, 0% used [0x00000000d5580000,0x00000000d5580000,0x00000000d9680000)
  from space 5120K, 0% used [0x00000000d9b80000,0x00000000d9b80000,0x00000000da080000)
  to   space 5120K, 0% used [0x00000000d9680000,0x00000000d9680000,0x00000000d9b80000)
 ParOldGen       total 66048K, used 8201K [0x0000000080000000, 0x0000000084080000, 0x00000000d5580000)
  object space 66048K, 12% used [0x0000000080000000,0x0000000080802780,0x0000000084080000)
 Metaspace       used 20807K, capacity 21156K, committed 21296K, reserved 1067008K
  class space    used 2811K, capacity 2937K, committed 2944K, reserved 1048576K
}
Event: 3.219 GC heap before
{Heap before GC invocations=6 (full 1):
 PSYoungGen      total 71680K, used 66560K [0x00000000d5580000, 0x00000000da080000, 0x0000000100000000)
  eden space 66560K, 100% used [0x00000000d5580000,0x00000000d9680000,0x00000000d9680000)
  from space 5120K, 0% used [0x00000000d9b80000,0x00000000d9b80000,0x00000000da080000)
  to   space 5120K, 0% used [0x00000000d9680000,0x00000000d9680000,0x00000000d9b80000)
 ParOldGen       total 66048K, used 8201K [0x0000000080000000, 0x0000000084080000, 0x00000000d5580000)
  object space 66048K, 12% used [0x0000000080000000,0x0000000080802780,0x0000000084080000)
 Metaspace       used 26178K, capacity 26666K, committed 27008K, reserved 1073152K
  class space    used 3690K, capacity 3855K, committed 3968K, reserved 1048576K
Event: 3.228 GC heap after
Heap after GC invocations=6 (full 1):
 PSYoungGen      total 71680K, used 5097K [0x00000000d5580000, 0x00000000dc280000, 0x0000000100000000)
  eden space 66560K, 0% used [0x00000000d5580000,0x00000000d5580000,0x00000000d9680000)
  from space 5120K, 99% used [0x00000000d9680000,0x00000000d9b7a500,0x00000000d9b80000)
  to   space 9728K, 0% used [0x00000000db900000,0x00000000db900000,0x00000000dc280000)
 ParOldGen       total 66048K, used 10169K [0x0000000080000000, 0x0000000084080000, 0x00000000d5580000)
  object space 66048K, 15% used [0x0000000080000000,0x00000000809ee760,0x0000000084080000)
 Metaspace       used 26178K, capacity 26666K, committed 27008K, reserved 1073152K
  class space    used 3690K, capacity 3855K, committed 3968K, reserved 1048576K
}
Event: 4.928 GC heap before
{Heap before GC invocations=7 (full 1):
 PSYoungGen      total 71680K, used 71657K [0x00000000d5580000, 0x00000000dc280000, 0x0000000100000000)
  eden space 66560K, 100% used [0x00000000d5580000,0x00000000d9680000,0x00000000d9680000)
  from space 5120K, 99% used [0x00000000d9680000,0x00000000d9b7a500,0x00000000d9b80000)
  to   space 9728K, 0% used [0x00000000db900000,0x00000000db900000,0x00000000dc280000)
 ParOldGen       total 66048K, used 10169K [0x0000000080000000, 0x0000000084080000, 0x00000000d5580000)
  object space 66048K, 15% used [0x0000000080000000,0x00000000809ee760,0x0000000084080000)
 Metaspace       used 31007K, capacity 31636K, committed 32128K, reserved 1077248K
  class space    used 4262K, capacity 4406K, committed 4480K, reserved 1048576K
Event: 4.940 GC heap after
Heap after GC invocations=7 (full 1):
 PSYoungGen      total 98304K, used 8256K [0x00000000d5580000, 0x00000000dc180000, 0x0000000100000000)
  eden space 89600K, 0% used [0x00000000d5580000,0x00000000d5580000,0x00000000dad00000)
  from space 8704K, 94% used [0x00000000db900000,0x00000000dc110280,0x00000000dc180000)
  to   space 10240K, 0% used [0x00000000dad80000,0x00000000dad80000,0x00000000db780000)
 ParOldGen       total 66048K, used 10177K [0x0000000080000000, 0x0000000084080000, 0x00000000d5580000)
  object space 66048K, 15% used [0x0000000080000000,0x00000000809f0760,0x0000000084080000)
 Metaspace       used 31007K, capacity 31636K, committed 32128K, reserved 1077248K
  class space    used 4262K, capacity 4406K, committed 4480K, reserved 1048576K
}
Event: 5.451 GC heap before
{Heap before GC invocations=8 (full 1):
 PSYoungGen      total 98304K, used 65510K [0x00000000d5580000, 0x00000000dc180000, 0x0000000100000000)
  eden space 89600K, 63% used [0x00000000d5580000,0x00000000d8d69620,0x00000000dad00000)
  from space 8704K, 94% used [0x00000000db900000,0x00000000dc110280,0x00000000dc180000)
  to   space 10240K, 0% used [0x00000000dad80000,0x00000000dad80000,0x00000000db780000)
 ParOldGen       total 66048K, used 10177K [0x0000000080000000, 0x0000000084080000, 0x00000000d5580000)
  object space 66048K, 15% used [0x0000000080000000,0x00000000809f0760,0x0000000084080000)
 Metaspace       used 34587K, capacity 35134K, committed 35496K, reserved 1079296K
  class space    used 4714K, capacity 4861K, committed 4864K, reserved 1048576K
Event: 5.467 GC heap after
Heap after GC invocations=8 (full 1):
 PSYoungGen      total 99840K, used 9691K [0x00000000d5580000, 0x00000000dc180000, 0x0000000100000000)
  eden space 89600K, 0% used [0x00000000d5580000,0x00000000d5580000,0x00000000dad00000)
  from space 10240K, 94% used [0x00000000dad80000,0x00000000db6f6db8,0x00000000db780000)
  to   space 8704K, 0% used [0x00000000db900000,0x00000000db900000,0x00000000dc180000)
 ParOldGen       total 66048K, used 10185K [0x0000000080000000, 0x0000000084080000, 0x00000000d5580000)
  object space 66048K, 15% used [0x0000000080000000,0x00000000809f2760,0x0000000084080000)
 Metaspace       used 34587K, capacity 35134K, committed 35496K, reserved 1079296K
  class space    used 4714K, capacity 4861K, committed 4864K, reserved 1048576K
}
Event: 5.467 GC heap before
{Heap before GC invocations=9 (full 2):
 PSYoungGen      total 99840K, used 9691K [0x00000000d5580000, 0x00000000dc180000, 0x0000000100000000)
  eden space 89600K, 0% used [0x00000000d5580000,0x00000000d5580000,0x00000000dad00000)
  from space 10240K, 94% used [0x00000000dad80000,0x00000000db6f6db8,0x00000000db780000)
  to   space 8704K, 0% used [0x00000000db900000,0x00000000db900000,0x00000000dc180000)
 ParOldGen       total 66048K, used 10185K [0x0000000080000000, 0x0000000084080000, 0x00000000d5580000)
  object space 66048K, 15% used [0x0000000080000000,0x00000000809f2760,0x0000000084080000)
 Metaspace       used 34587K, capacity 35134K, committed 35496K, reserved 1079296K
  class space    used 4714K, capacity 4861K, committed 4864K, reserved 1048576K

