# JRE version: Java(TM) SE Runtime Environment (8.0_121-b13) (build 1.8.0_121-b13)
# Java VM: Java HotSpot(TM) 64-Bit Server VM (25.121-b13 mixed mode windows-amd64 compressed oops)
Heap:
 PSYoungGen      total 132608K, used 15479K [0x00000000d5580000, 0x00000000dee00000, 0x0000000100000000)
  eden space 110592K, 13% used [0x00000000d5580000,0x00000000d649dd80,0x00000000dc180000)
  from space 22016K, 0% used [0x00000000dd780000,0x00000000dd780000,0x00000000ded00000)
  to   space 22528K, 0% used [0x00000000dc180000,0x00000000dc180000,0x00000000dd780000)
 ParOldGen       total 104448K, used 19707K [0x0000000080000000, 0x0000000086600000, 0x00000000d5580000)
  object space 104448K, 18% used [0x0000000080000000,0x000000008133ee68,0x0000000086600000)
 Metaspace       used 54292K, capacity 55624K, committed 56704K, reserved 1097728K
  class space    used 7292K, capacity 7588K, committed 7808K, reserved 1048576K
GC Heap History (10 events):
Event: 23.566 GC heap before
{Heap before GC invocations=16 (full 2):
 PSYoungGen      total 112128K, used 92693K [0x00000000d5580000, 0x00000000def00000, 0x0000000100000000)
  eden space 94208K, 79% used [0x00000000d5580000,0x00000000d9e89658,0x00000000db180000)
  from space 17920K, 99% used [0x00000000db180000,0x00000000dc2fbe50,0x00000000dc300000)
  to   space 20480K, 0% used [0x00000000ddb00000,0x00000000ddb00000,0x00000000def00000)
 ParOldGen       total 104448K, used 25791K [0x0000000080000000, 0x0000000086600000, 0x00000000d5580000)
  object space 104448K, 24% used [0x0000000080000000,0x000000008192fd78,0x0000000086600000)
 Metaspace       used 53605K, capacity 55246K, committed 55296K, reserved 1097728K
  class space    used 7331K, capacity 7662K, committed 7680K, reserved 1048576K
Event: 23.590 GC heap after
Heap after GC invocations=16 (full 2):
 PSYoungGen      total 134656K, used 18491K [0x00000000d5580000, 0x00000000df300000, 0x0000000100000000)
  eden space 114176K, 0% used [0x00000000d5580000,0x00000000d5580000,0x00000000dc500000)
  from space 20480K, 90% used [0x00000000ddb00000,0x00000000ded0ed78,0x00000000def00000)
  to   space 22528K, 0% used [0x00000000dc500000,0x00000000dc500000,0x00000000ddb00000)
 ParOldGen       total 104448K, used 25799K [0x0000000080000000, 0x0000000086600000, 0x00000000d5580000)
  object space 104448K, 24% used [0x0000000080000000,0x0000000081931d78,0x0000000086600000)
 Metaspace       used 53605K, capacity 55246K, committed 55296K, reserved 1097728K
  class space    used 7331K, capacity 7662K, committed 7680K, reserved 1048576K
}
Event: 23.590 GC heap before
{Heap before GC invocations=17 (full 3):
 PSYoungGen      total 134656K, used 18491K [0x00000000d5580000, 0x00000000df300000, 0x0000000100000000)
  eden space 114176K, 0% used [0x00000000d5580000,0x00000000d5580000,0x00000000dc500000)
  from space 20480K, 90% used [0x00000000ddb00000,0x00000000ded0ed78,0x00000000def00000)
  to   space 22528K, 0% used [0x00000000dc500000,0x00000000dc500000,0x00000000ddb00000)
 ParOldGen       total 104448K, used 25799K [0x0000000080000000, 0x0000000086600000, 0x00000000d5580000)
  object space 104448K, 24% used [0x0000000080000000,0x0000000081931d78,0x0000000086600000)
 Metaspace       used 53605K, capacity 55246K, committed 55296K, reserved 1097728K
  class space    used 7331K, capacity 7662K, committed 7680K, reserved 1048576K
Event: 23.890 GC heap after
Heap after GC invocations=17 (full 3):
 PSYoungGen      total 134656K, used 0K [0x00000000d5580000, 0x00000000df300000, 0x0000000100000000)
  eden space 114176K, 0% used [0x00000000d5580000,0x00000000d5580000,0x00000000dc500000)
  from space 20480K, 0% used [0x00000000ddb00000,0x00000000ddb00000,0x00000000def00000)
  to   space 22528K, 0% used [0x00000000dc500000,0x00000000dc500000,0x00000000ddb00000)
 ParOldGen       total 104448K, used 32275K [0x0000000080000000, 0x0000000086600000, 0x00000000d5580000)
  object space 104448K, 30% used [0x0000000080000000,0x0000000081f84ed0,0x0000000086600000)
 Metaspace       used 53605K, capacity 55246K, committed 55296K, reserved 1097728K
  class space    used 7331K, capacity 7662K, committed 7680K, reserved 1048576K
}
Event: 5246.094 GC heap before
{Heap before GC invocations=18 (full 3):
 PSYoungGen      total 134656K, used 114176K [0x00000000d5580000, 0x00000000df300000, 0x0000000100000000)
  eden space 114176K, 100% used [0x00000000d5580000,0x00000000dc500000,0x00000000dc500000)
  from space 20480K, 0% used [0x00000000ddb00000,0x00000000ddb00000,0x00000000def00000)
  to   space 22528K, 0% used [0x00000000dc500000,0x00000000dc500000,0x00000000ddb00000)
 ParOldGen       total 104448K, used 32275K [0x0000000080000000, 0x0000000086600000, 0x00000000d5580000)
  object space 104448K, 30% used [0x0000000080000000,0x0000000081f84ed0,0x0000000086600000)
 Metaspace       used 54540K, capacity 56322K, committed 56448K, reserved 1097728K
  class space    used 7376K, capacity 7734K, committed 7808K, reserved 1048576K
Event: 5246.112 GC heap after
Heap after GC invocations=18 (full 3):
 PSYoungGen      total 117760K, used 6560K [0x00000000d5580000, 0x00000000ded00000, 0x0000000100000000)
  eden space 111104K, 0% used [0x00000000d5580000,0x00000000d5580000,0x00000000dc200000)
  from space 6656K, 98% used [0x00000000dc500000,0x00000000dcb68070,0x00000000dcb80000)
  to   space 22016K, 0% used [0x00000000dd780000,0x00000000dd780000,0x00000000ded00000)
 ParOldGen       total 104448K, used 32283K [0x0000000080000000, 0x0000000086600000, 0x00000000d5580000)
  object space 104448K, 30% used [0x0000000080000000,0x0000000081f86ed0,0x0000000086600000)
 Metaspace       used 54540K, capacity 56322K, committed 56448K, reserved 1097728K
  class space    used 7376K, capacity 7734K, committed 7808K, reserved 1048576K
}
Event: 5247.094 GC heap before
{Heap before GC invocations=19 (full 3):
 PSYoungGen      total 117760K, used 89853K [0x00000000d5580000, 0x00000000ded00000, 0x0000000100000000)
  eden space 111104K, 74% used [0x00000000d5580000,0x00000000da6d75c0,0x00000000dc200000)
  from space 6656K, 98% used [0x00000000dc500000,0x00000000dcb68070,0x00000000dcb80000)
  to   space 22016K, 0% used [0x00000000dd780000,0x00000000dd780000,0x00000000ded00000)
 ParOldGen       total 104448K, used 32283K [0x0000000080000000, 0x0000000086600000, 0x00000000d5580000)
  object space 104448K, 30% used [0x0000000080000000,0x0000000081f86ed0,0x0000000086600000)
 Metaspace       used 54601K, capacity 56398K, committed 56704K, reserved 1097728K
  class space    used 7378K, capacity 7736K, committed 7808K, reserved 1048576K
Event: 5247.096 GC heap after
Heap after GC invocations=19 (full 3):
 PSYoungGen      total 132608K, used 732K [0x00000000d5580000, 0x00000000dee00000, 0x0000000100000000)
  eden space 110592K, 0% used [0x00000000d5580000,0x00000000d5580000,0x00000000dc180000)
  from space 22016K, 3% used [0x00000000dd780000,0x00000000dd837058,0x00000000ded00000)
  to   space 22528K, 0% used [0x00000000dc180000,0x00000000dc180000,0x00000000dd780000)
 ParOldGen       total 104448K, used 32291K [0x0000000080000000, 0x0000000086600000, 0x00000000d5580000)
  object space 104448K, 30% used [0x0000000080000000,0x0000000081f88ed0,0x0000000086600000)
 Metaspace       used 54601K, capacity 56398K, committed 56704K, reserved 1097728K
  class space    used 7378K, capacity 7736K, committed 7808K, reserved 1048576K
}
Event: 5247.096 GC heap before
{Heap before GC invocations=20 (full 4):
 PSYoungGen      total 132608K, used 732K [0x00000000d5580000, 0x00000000dee00000, 0x0000000100000000)
  eden space 110592K, 0% used [0x00000000d5580000,0x00000000d5580000,0x00000000dc180000)
  from space 22016K, 3% used [0x00000000dd780000,0x00000000dd837058,0x00000000ded00000)
  to   space 22528K, 0% used [0x00000000dc180000,0x00000000dc180000,0x00000000dd780000)
 ParOldGen       total 104448K, used 32291K [0x0000000080000000, 0x0000000086600000, 0x00000000d5580000)
  object space 104448K, 30% used [0x0000000080000000,0x0000000081f88ed0,0x0000000086600000)
 Metaspace       used 54601K, capacity 56398K, committed 56704K, reserved 1097728K
  class space    used 7378K, capacity 7736K, committed 7808K, reserved 1048576K
Event: 5247.249 GC heap after
Heap after GC invocations=20 (full 4):
 PSYoungGen      total 132608K, used 0K [0x00000000d5580000, 0x00000000dee00000, 0x0000000100000000)
  eden space 110592K, 0% used [0x00000000d5580000,0x00000000d5580000,0x00000000dc180000)
  from space 22016K, 0% used [0x00000000dd780000,0x00000000dd780000,0x00000000ded00000)
  to   space 22528K, 0% used [0x00000000dc180000,0x00000000dc180000,0x00000000dd780000)
 ParOldGen       total 104448K, used 19707K [0x0000000080000000, 0x0000000086600000, 0x00000000d5580000)
  object space 104448K, 18% used [0x0000000080000000,0x000000008133ee68,0x0000000086600000)
 Metaspace       used 54114K, capacity 55400K, committed 56704K, reserved 1097728K
  class space    used 7270K, capacity 7549K, committed 7808K, reserved 1048576K
}

