# JRE version: Java(TM) SE Runtime Environment (8.0_121-b13) (build 1.8.0_121-b13)
# Java VM: Java HotSpot(TM) 64-Bit Server VM (25.121-b13 mixed mode windows-amd64 compressed oops)
Heap:
 PSYoungGen      total 66560K, used 58052K [0x00000000d5580000, 0x00000000dc000000, 0x0000000100000000)
  eden space 61440K, 86% used [0x00000000d5580000,0x00000000d8933300,0x00000000d9180000)
  from space 5120K, 99% used [0x00000000d9b80000,0x00000000da07dfa0,0x00000000da080000)
  to   space 10240K, 0% used [0x00000000d9180000,0x00000000d9180000,0x00000000d9b80000)
 ParOldGen       total 68608K, used 16069K [0x0000000080000000, 0x0000000084300000, 0x00000000d5580000)
  object space 68608K, 23% used [0x0000000080000000,0x0000000080fb1480,0x0000000084300000)
 Metaspace       used 34463K, capacity 34976K, committed 35328K, reserved 1079296K
  class space    used 4702K, capacity 4856K, committed 4864K, reserved 1048576K
GC Heap History (10 events):
Event: 2.089 GC heap before
{Heap before GC invocations=3 (full 0):
 PSYoungGen      total 38400K, used 38396K [0x00000000d5580000, 0x00000000d8000000, 0x0000000100000000)
  eden space 33280K, 100% used [0x00000000d5580000,0x00000000d7600000,0x00000000d7600000)
  from space 5120K, 99% used [0x00000000d7b00000,0x00000000d7fff100,0x00000000d8000000)
  to   space 5120K, 0% used [0x00000000d7600000,0x00000000d7600000,0x00000000d7b00000)
 ParOldGen       total 87552K, used 868K [0x0000000080000000, 0x0000000085580000, 0x00000000d5580000)
  object space 87552K, 0% used [0x0000000080000000,0x00000000800d9378,0x0000000085580000)
 Metaspace       used 18554K, capacity 18848K, committed 19072K, reserved 1064960K
  class space    used 2541K, capacity 2643K, committed 2688K, reserved 1048576K
Event: 2.102 GC heap after
Heap after GC invocations=3 (full 0):
 PSYoungGen      total 38400K, used 5088K [0x00000000d5580000, 0x00000000da080000, 0x0000000100000000)
  eden space 33280K, 0% used [0x00000000d5580000,0x00000000d5580000,0x00000000d7600000)
  from space 5120K, 99% used [0x00000000d7600000,0x00000000d7af8020,0x00000000d7b00000)
  to   space 5120K, 0% used [0x00000000d9b80000,0x00000000d9b80000,0x00000000da080000)
 ParOldGen       total 87552K, used 5197K [0x0000000080000000, 0x0000000085580000, 0x00000000d5580000)
  object space 87552K, 5% used [0x0000000080000000,0x0000000080513438,0x0000000085580000)
 Metaspace       used 18554K, capacity 18848K, committed 19072K, reserved 1064960K
  class space    used 2541K, capacity 2643K, committed 2688K, reserved 1048576K
}
Event: 2.371 GC heap before
{Heap before GC invocations=4 (full 0):
 PSYoungGen      total 38400K, used 24761K [0x00000000d5580000, 0x00000000da080000, 0x0000000100000000)
  eden space 33280K, 59% used [0x00000000d5580000,0x00000000d68b66a0,0x00000000d7600000)
  from space 5120K, 99% used [0x00000000d7600000,0x00000000d7af8020,0x00000000d7b00000)
  to   space 5120K, 0% used [0x00000000d9b80000,0x00000000d9b80000,0x00000000da080000)
 ParOldGen       total 87552K, used 5197K [0x0000000080000000, 0x0000000085580000, 0x00000000d5580000)
  object space 87552K, 5% used [0x0000000080000000,0x0000000080513438,0x0000000085580000)
 Metaspace       used 20784K, capacity 21126K, committed 21296K, reserved 1067008K
  class space    used 2809K, capacity 2932K, committed 2944K, reserved 1048576K
Event: 2.382 GC heap after
Heap after GC invocations=4 (full 0):
 PSYoungGen      total 71680K, used 5120K [0x00000000d5580000, 0x00000000da080000, 0x0000000100000000)
  eden space 66560K, 0% used [0x00000000d5580000,0x00000000d5580000,0x00000000d9680000)
  from space 5120K, 100% used [0x00000000d9b80000,0x00000000da080000,0x00000000da080000)
  to   space 5120K, 0% used [0x00000000d9680000,0x00000000d9680000,0x00000000d9b80000)
 ParOldGen       total 87552K, used 7434K [0x0000000080000000, 0x0000000085580000, 0x00000000d5580000)
  object space 87552K, 8% used [0x0000000080000000,0x00000000807429d8,0x0000000085580000)
 Metaspace       used 20784K, capacity 21126K, committed 21296K, reserved 1067008K
  class space    used 2809K, capacity 2932K, committed 2944K, reserved 1048576K
}
Event: 2.382 GC heap before
{Heap before GC invocations=5 (full 1):
 PSYoungGen      total 71680K, used 5120K [0x00000000d5580000, 0x00000000da080000, 0x0000000100000000)
  eden space 66560K, 0% used [0x00000000d5580000,0x00000000d5580000,0x00000000d9680000)
  from space 5120K, 100% used [0x00000000d9b80000,0x00000000da080000,0x00000000da080000)
  to   space 5120K, 0% used [0x00000000d9680000,0x00000000d9680000,0x00000000d9b80000)
 ParOldGen       total 87552K, used 7434K [0x0000000080000000, 0x0000000085580000, 0x00000000d5580000)
  object space 87552K, 8% used [0x0000000080000000,0x00000000807429d8,0x0000000085580000)
 Metaspace       used 20784K, capacity 21126K, committed 21296K, reserved 1067008K
  class space    used 2809K, capacity 2932K, committed 2944K, reserved 1048576K
Event: 2.449 GC heap after
Heap after GC invocations=5 (full 1):
 PSYoungGen      total 71680K, used 0K [0x00000000d5580000, 0x00000000da080000, 0x0000000100000000)
  eden space 66560K, 0% used [0x00000000d5580000,0x00000000d5580000,0x00000000d9680000)
  from space 5120K, 0% used [0x00000000d9b80000,0x00000000d9b80000,0x00000000da080000)
  to   space 5120K, 0% used [0x00000000d9680000,0x00000000d9680000,0x00000000d9b80000)
 ParOldGen       total 68608K, used 10637K [0x0000000080000000, 0x0000000084300000, 0x00000000d5580000)
  object space 68608K, 15% used [0x0000000080000000,0x0000000080a63510,0x0000000084300000)
 Metaspace       used 20784K, capacity 21126K, committed 21296K, reserved 1067008K
  class space    used 2809K, capacity 2932K, committed 2944K, reserved 1048576K
}
Event: 3.500 GC heap before
{Heap before GC invocations=6 (full 1):
 PSYoungGen      total 71680K, used 66560K [0x00000000d5580000, 0x00000000da080000, 0x0000000100000000)
  eden space 66560K, 100% used [0x00000000d5580000,0x00000000d9680000,0x00000000d9680000)
  from space 5120K, 0% used [0x00000000d9b80000,0x00000000d9b80000,0x00000000da080000)
  to   space 5120K, 0% used [0x00000000d9680000,0x00000000d9680000,0x00000000d9b80000)
 ParOldGen       total 68608K, used 10637K [0x0000000080000000, 0x0000000084300000, 0x00000000d5580000)
  object space 68608K, 15% used [0x0000000080000000,0x0000000080a63530,0x0000000084300000)
 Metaspace       used 26226K, capacity 26668K, committed 27008K, reserved 1073152K
  class space    used 3696K, capacity 3882K, committed 3968K, reserved 1048576K
Event: 3.508 GC heap after
Heap after GC invocations=6 (full 1):
 PSYoungGen      total 71680K, used 5103K [0x00000000d5580000, 0x00000000da080000, 0x0000000100000000)
  eden space 66560K, 0% used [0x00000000d5580000,0x00000000d5580000,0x00000000d9680000)
  from space 5120K, 99% used [0x00000000d9680000,0x00000000d9b7bed0,0x00000000d9b80000)
  to   space 5120K, 0% used [0x00000000d9b80000,0x00000000d9b80000,0x00000000da080000)
 ParOldGen       total 68608K, used 12824K [0x0000000080000000, 0x0000000084300000, 0x00000000d5580000)
  object space 68608K, 18% used [0x0000000080000000,0x0000000080c860f0,0x0000000084300000)
 Metaspace       used 26226K, capacity 26668K, committed 27008K, reserved 1073152K
  class space    used 3696K, capacity 3882K, committed 3968K, reserved 1048576K
}
Event: 5.434 GC heap before
{Heap before GC invocations=7 (full 1):
 PSYoungGen      total 71680K, used 71663K [0x00000000d5580000, 0x00000000da080000, 0x0000000100000000)
  eden space 66560K, 100% used [0x00000000d5580000,0x00000000d9680000,0x00000000d9680000)
  from space 5120K, 99% used [0x00000000d9680000,0x00000000d9b7bed0,0x00000000d9b80000)
  to   space 5120K, 0% used [0x00000000d9b80000,0x00000000d9b80000,0x00000000da080000)
 ParOldGen       total 68608K, used 12831K [0x0000000080000000, 0x0000000084300000, 0x00000000d5580000)
  object space 68608K, 18% used [0x0000000080000000,0x0000000080c87dd0,0x0000000084300000)
 Metaspace       used 31129K, capacity 31734K, committed 32128K, reserved 1077248K
  class space    used 4286K, capacity 4465K, committed 4480K, reserved 1048576K
Event: 5.445 GC heap after
Heap after GC invocations=7 (full 1):
 PSYoungGen      total 66560K, used 5111K [0x00000000d5580000, 0x00000000dc000000, 0x0000000100000000)
  eden space 61440K, 0% used [0x00000000d5580000,0x00000000d5580000,0x00000000d9180000)
  from space 5120K, 99% used [0x00000000d9b80000,0x00000000da07dfa0,0x00000000da080000)
  to   space 10240K, 0% used [0x00000000d9180000,0x00000000d9180000,0x00000000d9b80000)
 ParOldGen       total 68608K, used 16069K [0x0000000080000000, 0x0000000084300000, 0x00000000d5580000)
  object space 68608K, 23% used [0x0000000080000000,0x0000000080fb1480,0x0000000084300000)
 Metaspace       used 31129K, capacity 31734K, committed 32128K, reserved 1077248K
  class space    used 4286K, capacity 4465K, committed 4480K, reserved 1048576K
}

