# JRE version: Java(TM) SE Runtime Environment (8.0_121-b13) (build 1.8.0_121-b13)
# Java VM: Java HotSpot(TM) 64-Bit Server VM (25.121-b13 mixed mode windows-amd64 compressed oops)
Heap:
 PSYoungGen      total 100352K, used 21905K [0x00000000d5580000, 0x00000000de280000, 0x0000000100000000)
  eden space 90112K, 24% used [0x00000000d5580000,0x00000000d6ae4580,0x00000000dad80000)
  from space 10240K, 0% used [0x00000000dad80000,0x00000000dad80000,0x00000000db780000)
  to   space 11776K, 0% used [0x00000000dd700000,0x00000000dd700000,0x00000000de280000)
 ParOldGen       total 106496K, used 16882K [0x0000000080000000, 0x0000000086800000, 0x00000000d5580000)
  object space 106496K, 15% used [0x0000000080000000,0x000000008107c8f8,0x0000000086800000)
 Metaspace       used 35587K, capacity 36340K, committed 36736K, reserved 1081344K
  class space    used 4889K, capacity 5130K, committed 5248K, reserved 1048576K
GC Heap History (10 events):
Event: 2.278 GC heap before
{Heap before GC invocations=5 (full 1):
 PSYoungGen      total 71680K, used 5104K [0x00000000d5580000, 0x00000000da080000, 0x0000000100000000)
  eden space 66560K, 0% used [0x00000000d5580000,0x00000000d5580000,0x00000000d9680000)
  from space 5120K, 99% used [0x00000000d9b80000,0x00000000da07c030,0x00000000da080000)
  to   space 5120K, 0% used [0x00000000d9680000,0x00000000d9680000,0x00000000d9b80000)
 ParOldGen       total 87552K, used 7376K [0x0000000080000000, 0x0000000085580000, 0x00000000d5580000)
  object space 87552K, 8% used [0x0000000080000000,0x0000000080734078,0x0000000085580000)
 Metaspace       used 20799K, capacity 21126K, committed 21296K, reserved 1067008K
  class space    used 2809K, capacity 2932K, committed 2944K, reserved 1048576K
Event: 2.340 GC heap after
Heap after GC invocations=5 (full 1):
 PSYoungGen      total 71680K, used 0K [0x00000000d5580000, 0x00000000da080000, 0x0000000100000000)
  eden space 66560K, 0% used [0x00000000d5580000,0x00000000d5580000,0x00000000d9680000)
  from space 5120K, 0% used [0x00000000d9b80000,0x00000000d9b80000,0x00000000da080000)
  to   space 5120K, 0% used [0x00000000d9680000,0x00000000d9680000,0x00000000d9b80000)
 ParOldGen       total 65536K, used 8039K [0x0000000080000000, 0x0000000084000000, 0x00000000d5580000)
  object space 65536K, 12% used [0x0000000080000000,0x00000000807d9dd0,0x0000000084000000)
 Metaspace       used 20799K, capacity 21126K, committed 21296K, reserved 1067008K
  class space    used 2809K, capacity 2932K, committed 2944K, reserved 1048576K
}
Event: 3.434 GC heap before
{Heap before GC invocations=6 (full 1):
 PSYoungGen      total 71680K, used 66560K [0x00000000d5580000, 0x00000000da080000, 0x0000000100000000)
  eden space 66560K, 100% used [0x00000000d5580000,0x00000000d9680000,0x00000000d9680000)
  from space 5120K, 0% used [0x00000000d9b80000,0x00000000d9b80000,0x00000000da080000)
  to   space 5120K, 0% used [0x00000000d9680000,0x00000000d9680000,0x00000000d9b80000)
 ParOldGen       total 65536K, used 8039K [0x0000000080000000, 0x0000000084000000, 0x00000000d5580000)
  object space 65536K, 12% used [0x0000000080000000,0x00000000807d9dd0,0x0000000084000000)
 Metaspace       used 26256K, capacity 26796K, committed 27008K, reserved 1073152K
  class space    used 3698K, capacity 3882K, committed 3968K, reserved 1048576K
Event: 3.444 GC heap after
Heap after GC invocations=6 (full 1):
 PSYoungGen      total 71680K, used 5097K [0x00000000d5580000, 0x00000000dc280000, 0x0000000100000000)
  eden space 66560K, 0% used [0x00000000d5580000,0x00000000d5580000,0x00000000d9680000)
  from space 5120K, 99% used [0x00000000d9680000,0x00000000d9b7a500,0x00000000d9b80000)
  to   space 9728K, 0% used [0x00000000db900000,0x00000000db900000,0x00000000dc280000)
 ParOldGen       total 65536K, used 10115K [0x0000000080000000, 0x0000000084000000, 0x00000000d5580000)
  object space 65536K, 15% used [0x0000000080000000,0x00000000809e0ff0,0x0000000084000000)
 Metaspace       used 26256K, capacity 26796K, committed 27008K, reserved 1073152K
  class space    used 3698K, capacity 3882K, committed 3968K, reserved 1048576K
}
Event: 6.083 GC heap before
{Heap before GC invocations=7 (full 1):
 PSYoungGen      total 71680K, used 71657K [0x00000000d5580000, 0x00000000dc280000, 0x0000000100000000)
  eden space 66560K, 100% used [0x00000000d5580000,0x00000000d9680000,0x00000000d9680000)
  from space 5120K, 99% used [0x00000000d9680000,0x00000000d9b7a500,0x00000000d9b80000)
  to   space 9728K, 0% used [0x00000000db900000,0x00000000db900000,0x00000000dc280000)
 ParOldGen       total 65536K, used 10115K [0x0000000080000000, 0x0000000084000000, 0x00000000d5580000)
  object space 65536K, 15% used [0x0000000080000000,0x00000000809e0ff0,0x0000000084000000)
 Metaspace       used 31091K, capacity 31734K, committed 32128K, reserved 1077248K
  class space    used 4274K, capacity 4465K, committed 4480K, reserved 1048576K
Event: 6.092 GC heap after
Heap after GC invocations=7 (full 1):
 PSYoungGen      total 97792K, used 8212K [0x00000000d5580000, 0x00000000dc180000, 0x0000000100000000)
  eden space 89088K, 0% used [0x00000000d5580000,0x00000000d5580000,0x00000000dac80000)
  from space 8704K, 94% used [0x00000000db900000,0x00000000dc1052b0,0x00000000dc180000)
  to   space 10240K, 0% used [0x00000000dad80000,0x00000000dad80000,0x00000000db780000)
 ParOldGen       total 65536K, used 10188K [0x0000000080000000, 0x0000000084000000, 0x00000000d5580000)
  object space 65536K, 15% used [0x0000000080000000,0x00000000809f3000,0x0000000084000000)
 Metaspace       used 31091K, capacity 31734K, committed 32128K, reserved 1077248K
  class space    used 4274K, capacity 4465K, committed 4480K, reserved 1048576K
}
Event: 6.696 GC heap before
{Heap before GC invocations=8 (full 1):
 PSYoungGen      total 97792K, used 72534K [0x00000000d5580000, 0x00000000dc180000, 0x0000000100000000)
  eden space 89088K, 72% used [0x00000000d5580000,0x00000000d9450640,0x00000000dac80000)
  from space 8704K, 94% used [0x00000000db900000,0x00000000dc1052b0,0x00000000dc180000)
  to   space 10240K, 0% used [0x00000000dad80000,0x00000000dad80000,0x00000000db780000)
 ParOldGen       total 65536K, used 10188K [0x0000000080000000, 0x0000000084000000, 0x00000000d5580000)
  object space 65536K, 15% used [0x0000000080000000,0x00000000809f3000,0x0000000084000000)
 Metaspace       used 34613K, capacity 35136K, committed 35456K, reserved 1079296K
  class space    used 4719K, capacity 4888K, committed 4992K, reserved 1048576K
Event: 6.707 GC heap after
Heap after GC invocations=8 (full 1):
 PSYoungGen      total 100352K, used 10213K [0x00000000d5580000, 0x00000000de280000, 0x0000000100000000)
  eden space 90112K, 0% used [0x00000000d5580000,0x00000000d5580000,0x00000000dad80000)
  from space 10240K, 99% used [0x00000000dad80000,0x00000000db779530,0x00000000db780000)
  to   space 11776K, 0% used [0x00000000dd700000,0x00000000dd700000,0x00000000de280000)
 ParOldGen       total 65536K, used 10418K [0x0000000080000000, 0x0000000084000000, 0x00000000d5580000)
  object space 65536K, 15% used [0x0000000080000000,0x0000000080a2cbd0,0x0000000084000000)
 Metaspace       used 34613K, capacity 35136K, committed 35456K, reserved 1079296K
  class space    used 4719K, capacity 4888K, committed 4992K, reserved 1048576K
}
Event: 6.707 GC heap before
{Heap before GC invocations=9 (full 2):
 PSYoungGen      total 100352K, used 10213K [0x00000000d5580000, 0x00000000de280000, 0x0000000100000000)
  eden space 90112K, 0% used [0x00000000d5580000,0x00000000d5580000,0x00000000dad80000)
  from space 10240K, 99% used [0x00000000dad80000,0x00000000db779530,0x00000000db780000)
  to   space 11776K, 0% used [0x00000000dd700000,0x00000000dd700000,0x00000000de280000)
 ParOldGen       total 65536K, used 10418K [0x0000000080000000, 0x0000000084000000, 0x00000000d5580000)
  object space 65536K, 15% used [0x0000000080000000,0x0000000080a2cbd0,0x0000000084000000)
 Metaspace       used 34613K, capacity 35136K, committed 35456K, reserved 1079296K
  class space    used 4719K, capacity 4888K, committed 4992K, reserved 1048576K
Event: 6.795 GC heap after
Heap after GC invocations=9 (full 2):
 PSYoungGen      total 100352K, used 0K [0x00000000d5580000, 0x00000000de280000, 0x0000000100000000)
  eden space 90112K, 0% used [0x00000000d5580000,0x00000000d5580000,0x00000000dad80000)
  from space 10240K, 0% used [0x00000000dad80000,0x00000000dad80000,0x00000000db780000)
  to   space 11776K, 0% used [0x00000000dd700000,0x00000000dd700000,0x00000000de280000)
 ParOldGen       total 106496K, used 16882K [0x0000000080000000, 0x0000000086800000, 0x00000000d5580000)
  object space 106496K, 15% used [0x0000000080000000,0x000000008107c8f8,0x0000000086800000)
 Metaspace       used 34613K, capacity 35136K, committed 35456K, reserved 1079296K
  class space    used 4719K, capacity 4888K, committed 4992K, reserved 1048576K
}

